<?xml version="1.0" encoding="utf-8"?><testsuites name="pytest tests"><testsuite name="pytest" errors="0" failures="0" skipped="0" tests="25" time="11.472" timestamp="2026-04-08T00:09:58.962584+00:00" hostname="agent-env-8d4f36ff-5fdc-4330-911e-dbc1a6fa1721"><testcase classname="backend.tests.test_username_auth_categories_users.TestUsernameAuth" name="test_login_with_username_success" time="0.490" /><testcase classname="backend.tests.test_username_auth_categories_users.TestUsernameAuth" name="test_login_with_wrong_password" time="0.338" /><testcase classname="backend.tests.test_username_auth_categories_users.TestUsernameAuth" name="test_login_with_nonexistent_username" time="0.152" /><testcase classname="backend.tests.test_username_auth_categories_users.TestUsernameAuth" name="test_login_case_insensitive" time="0.332" /><testcase classname="backend.tests.test_username_auth_categories_users.TestUsernameAuth" name="test_auth_me_with_token" time="0.484" /><testcase classname="backend.tests.test_username_auth_categories_users.TestUsernameAuth" name="test_test_user_can_login" time="0.325" /><testcase classname="backend.tests.test_username_auth_categories_users.TestMenuCategories" name="test_get_categories_public" time="0.132" /><testcase classname="backend.tests.test_username_auth_categories_users.TestMenuCategories" name="test_categories_have_required_fields" time="0.126" /><testcase classname="backend.tests.test_username_auth_categories_users.TestMenuCategories" name="test_create_category_requires_auth" time="0.121" /><testcase classname="backend.tests.test_username_auth_categories_users.TestMenuCategories" name="test_create_category_as_admin" time="0.580" /><testcase classname="backend.tests.test_username_auth_categories_users.TestMenuCategories" name="test_create_duplicate_category_fails" time="0.528" /><testcase classname="backend.tests.test_username_auth_categories_users.TestMenuCategories" name="test_delete_category_requires_auth" time="0.103" /><testcase classname="backend.tests.test_username_auth_categories_users.TestMenuCategories" name="test_delete_category_as_admin" time="0.725" /><testcase classname="backend.tests.test_username_auth_categories_users.TestMenuCategories" name="test_delete_nonexistent_category" time="0.456" /><testcase classname="backend.tests.test_username_auth_categories_users.TestUserManagement" name="test_get_users_requires_auth" time="0.102" /><testcase classname="backend.tests.test_username_auth_categories_users.TestUserManagement" name="test_get_users_as_admin" time="0.483" /><testcase classname="backend.tests.test_username_auth_categories_users.TestUserManagement" name="test_users_have_required_fields" time="0.447" /><testcase classname="backend.tests.test_username_auth_categories_users.TestUserManagement" name="test_create_user_requires_auth" time="0.140" /><testcase classname="backend.tests.test_username_auth_categories_users.TestUserManagement" name="test_create_user_as_admin" time="1.180" /><testcase classname="backend.tests.test_username_auth_categories_users.TestUserManagement" name="test_create_duplicate_username_fails" time="0.441" /><testcase classname="backend.tests.test_username_auth_categories_users.TestUserManagement" name="test_delete_user_requires_auth" time="0.100" /><testcase classname="backend.tests.test_username_auth_categories_users.TestUserManagement" name="test_delete_user_as_admin" time="0.989" /><testcase classname="backend.tests.test_username_auth_categories_users.TestUserManagement" name="test_cannot_delete_yourself" time="0.875" /><testcase classname="backend.tests.test_username_auth_categories_users.TestUserManagement" name="test_delete_nonexistent_user" time="0.445" /><testcase classname="backend.tests.test_username_auth_categories_users.TestCategoryDropdownIntegration" name="test_menu_item_uses_category_from_api" time="1.279" /></testsuite></testsuites>