<?xml version="1.0" encoding="utf-8"?><testsuites name="pytest tests"><testsuite name="pytest" errors="0" failures="0" skipped="0" tests="16" time="4.568" timestamp="2026-04-07T23:56:13.209471+00:00" hostname="agent-env-8d4f36ff-5fdc-4330-911e-dbc1a6fa1721"><testcase classname="backend.tests.test_menu_api.TestMenuPublicEndpoint" name="test_get_menu_returns_items_and_categories" time="0.303" /><testcase classname="backend.tests.test_menu_api.TestMenuPublicEndpoint" name="test_menu_has_expected_categories" time="0.146" /><testcase classname="backend.tests.test_menu_api.TestMenuPublicEndpoint" name="test_menu_items_have_required_fields" time="0.146" /><testcase classname="backend.tests.test_menu_api.TestMenuPublicEndpoint" name="test_menu_seeded_with_default_items" time="0.140" /><testcase classname="backend.tests.test_menu_api.TestMenuCreateEndpoint" name="test_create_menu_item_requires_auth" time="0.116" /><testcase classname="backend.tests.test_menu_api.TestMenuCreateEndpoint" name="test_create_menu_item_as_admin" time="0.606" /><testcase classname="backend.tests.test_menu_api.TestMenuCreateEndpoint" name="test_create_menu_item_with_null_price" time="0.166" /><testcase classname="backend.tests.test_menu_api.TestMenuUpdateEndpoint" name="test_update_menu_item_requires_auth" time="0.166" /><testcase classname="backend.tests.test_menu_api.TestMenuUpdateEndpoint" name="test_update_menu_item_as_admin" time="0.439" /><testcase classname="backend.tests.test_menu_api.TestMenuUpdateEndpoint" name="test_update_item_availability" time="0.364" /><testcase classname="backend.tests.test_menu_api.TestMenuUpdateEndpoint" name="test_update_nonexistent_item" time="0.112" /><testcase classname="backend.tests.test_menu_api.TestMenuDeleteEndpoint" name="test_delete_menu_item_requires_auth" time="0.099" /><testcase classname="backend.tests.test_menu_api.TestMenuDeleteEndpoint" name="test_delete_menu_item_as_admin" time="0.328" /><testcase classname="backend.tests.test_menu_api.TestMenuDeleteEndpoint" name="test_delete_nonexistent_item" time="0.107" /><testcase classname="backend.tests.test_menu_api.TestMenuCRUDFlow" name="test_full_crud_flow" time="0.707" /><testcase classname="backend.tests.test_menu_api.TestMenuCleanup" name="test_cleanup_test_items" time="0.537" /></testsuite></testsuites>