<?xml version="1.0" encoding="utf-8"?><testsuites name="pytest tests"><testsuite name="pytest" errors="0" failures="0" skipped="0" tests="20" time="6.316" timestamp="2026-04-07T23:30:08.285078+00:00" hostname="agent-env-8d4f36ff-5fdc-4330-911e-dbc1a6fa1721"><testcase classname="tests.test_linderudkollen_api.TestHealthAndRoot" name="test_api_root" time="0.236" /><testcase classname="tests.test_linderudkollen_api.TestAuth" name="test_login_success" time="0.342" /><testcase classname="tests.test_linderudkollen_api.TestAuth" name="test_login_invalid_credentials" time="0.345" /><testcase classname="tests.test_linderudkollen_api.TestAuth" name="test_login_nonexistent_user" time="0.138" /><testcase classname="tests.test_linderudkollen_api.TestAuth" name="test_auth_me_with_token" time="0.453" /><testcase classname="tests.test_linderudkollen_api.TestAuth" name="test_auth_me_without_token" time="0.108" /><testcase classname="tests.test_linderudkollen_api.TestAuth" name="test_logout" time="0.111" /><testcase classname="tests.test_linderudkollen_api.TestGallery" name="test_get_gallery_public" time="0.107" /><testcase classname="tests.test_linderudkollen_api.TestGallery" name="test_get_gallery_image" time="0.429" /><testcase classname="tests.test_linderudkollen_api.TestGallery" name="test_gallery_upload_requires_auth" time="0.116" /><testcase classname="tests.test_linderudkollen_api.TestGallery" name="test_gallery_delete_requires_auth" time="0.114" /><testcase classname="tests.test_linderudkollen_api.TestContact" name="test_submit_contact_message" time="0.156" /><testcase classname="tests.test_linderudkollen_api.TestContact" name="test_submit_contact_missing_fields" time="0.150" /><testcase classname="tests.test_linderudkollen_api.TestContact" name="test_get_messages_requires_auth" time="0.132" /><testcase classname="tests.test_linderudkollen_api.TestContact" name="test_get_messages_as_admin" time="0.490" /><testcase classname="tests.test_linderudkollen_api.TestOpeningHours" name="test_get_opening_hours_public" time="0.105" /><testcase classname="tests.test_linderudkollen_api.TestOpeningHours" name="test_update_opening_hours_requires_auth" time="0.105" /><testcase classname="tests.test_linderudkollen_api.TestOpeningHours" name="test_update_opening_hours_as_admin" time="0.731" /><testcase classname="tests.test_linderudkollen_api.TestAdminGalleryOperations" name="test_gallery_upload_as_admin" time="0.935" /><testcase classname="tests.test_linderudkollen_api.TestContactMessageOperations" name="test_mark_message_as_read" time="0.924" /></testsuite></testsuites>